C:\USERS\DELL\DESKTOP\FILE DẠY HỌC KTLT\FILE IN CPP\FILE IN CPP\READ FILE PART 2\DEBUG\SOURCE.OBJ
C:\USERS\DELL\DESKTOP\FILE DẠY HỌC KTLT\FILE IN CPP\FILE IN CPP\READ FILE PART 2\DEBUG\VC110.PDB
C:\USERS\DELL\DESKTOP\FILE DẠY HỌC KTLT\FILE IN CPP\FILE IN CPP\DEBUG\READ FILE PART 2.ILK
C:\USERS\DELL\DESKTOP\FILE DẠY HỌC KTLT\FILE IN CPP\FILE IN CPP\DEBUG\READ FILE PART 2.EXE
C:\USERS\DELL\DESKTOP\FILE DẠY HỌC KTLT\FILE IN CPP\FILE IN CPP\DEBUG\READ FILE PART 2.PDB
C:\Users\Dell\Desktop\FILE DẠY HỌC KTLT\File in CPP\File in CPP\Read File part 2\Debug\Source.obj
C:\Users\Dell\Desktop\FILE DẠY HỌC KTLT\File in CPP\File in CPP\Read File part 2\Debug\cl.command.1.tlog
C:\Users\Dell\Desktop\FILE DẠY HỌC KTLT\File in CPP\File in CPP\Read File part 2\Debug\CL.read.1.tlog
C:\Users\Dell\Desktop\FILE DẠY HỌC KTLT\File in CPP\File in CPP\Read File part 2\Debug\CL.write.1.tlog
C:\Users\Dell\Desktop\FILE DẠY HỌC KTLT\File in CPP\File in CPP\Read File part 2\Debug\link-cvtres.read.1.tlog
C:\Users\Dell\Desktop\FILE DẠY HỌC KTLT\File in CPP\File in CPP\Read File part 2\Debug\link-cvtres.write.1.tlog
C:\Users\Dell\Desktop\FILE DẠY HỌC KTLT\File in CPP\File in CPP\Read File part 2\Debug\link-rc.read.1.tlog
C:\Users\Dell\Desktop\FILE DẠY HỌC KTLT\File in CPP\File in CPP\Read File part 2\Debug\link-rc.write.1.tlog
C:\Users\Dell\Desktop\FILE DẠY HỌC KTLT\File in CPP\File in CPP\Read File part 2\Debug\link.command.1.tlog
C:\Users\Dell\Desktop\FILE DẠY HỌC KTLT\File in CPP\File in CPP\Read File part 2\Debug\link.read.1.tlog
C:\Users\Dell\Desktop\FILE DẠY HỌC KTLT\File in CPP\File in CPP\Read File part 2\Debug\link.write.1.tlog
C:\Users\Dell\Desktop\FILE DẠY HỌC KTLT\File in CPP\File in CPP\Read File part 2\Debug\vc110.idb
C:\Users\Dell\Desktop\FILE DẠY HỌC KTLT\File in CPP\File in CPP\Read File part 2\Debug\vc110.pdb
C:\Users\Dell\Desktop\FILE DẠY HỌC KTLT\File in CPP\File in CPP\Debug\Read File part 2.pdb
C:\Users\Dell\Desktop\FILE DẠY HỌC KTLT\File in CPP\File in CPP\Debug\Read File part 2.exe
C:\Users\Dell\Desktop\FILE DẠY HỌC KTLT\File in CPP\File in CPP\Debug\Read File part 2.ilk
