0000
0001
0002
0003
0004
0005
0006
0010
0011
0012
0013
0014
0015
0016
0020
0021
0022
0023
0024
0025
0026
0030
0031
0032
0033
0034
0035
0036
0040
0041
0042
0043
0044
0045
0046
0050
0051
0052
0053
0054
0055
0056
0060
0061
0062
0063
0064
0065
0066
0100
0101
0102
0103
0104
0105
0106
0110
0111
0112
0113
0114
0115
0116
0120
0121
0122
0123
0124
0125
0126
0130
0131
0132
0133
0134
0135
0136
0140
0141
0142
0143
0144
0145
0146
0150
0151
0152
0153
0154
0155
0156
0160
0161
0162
0163
0164
0165
0166
0200
0201
0202
0203
0204
0205
0206
0210
0211
0212
0213
0214
0215
0216
0220
0221
0222
0223
0224
0225
0226
0230
0231
0232
0233
0234
0235
0236
0240
0241
0242
0243
0244
0245
0246
0250
0251
0252
0253
0254
0255
0256
0260
0261
0262
0263
0264
0265
0266
0300
0301
0302
0303
0304
0305
0306
0310
0311
0312
0313
0314
0315
0316
0320
0321
0322
0323
0324
0325
0326
0330
0331
0332
0333
0334
0335
0336
0340
0341
0342
0343
0344
0345
0346
0350
0351
0352
0353
0354
0355
0356
0360
0361
0362
0363
0364
0365
0366
0400
0401
0402
0403
0404
0405
0406
0410
0411
0412
0413
0414
0415
0416
0420
0421
0422
0423
0424
0425
0426
0430
0431
0432
0433
0434
0435
0436
0440
0441
0442
0443
0444
0445
0446
0450
0451
0452
0453
0454
0455
0456
0460
0461
0462
0463
0464
0465
0466
0500
0501
0502
0503
0504
0505
0506
0510
0511
0512
0513
0514
0515
0516
0520
0521
0522
0523
0524
0525
0526
0530
0531
0532
0533
0534
0535
0536
0540
0541
0542
0543
0544
0545
0546
0550
0551
0552
0553
0554
0555
0556
0560
0561
0562
0563
0564
0565
0566
0600
0601
0602
0603
0604
0605
0606
0610
0611
0612
0613
0614
0615
0616
0620
0621
0622
0623
0624
0625
0626
0630
0631
0632
0633
0634
0635
0636
0640
0641
0642
0643
0644
0645
0646
0650
0651
0652
0653
0654
0655
0656
0660
0661
0662
0663
0664
0665
0666
1000
1001
1002
1003
1004
1005
1006
1010
1011
1012
1013
1014
1015
1016
1020
1021
1022
1023
1024
1025
1026
1030
1031
1032
1033
1034
1035
1036
1040
1041
1042
1043
1044
1045
1046
1050
1051
1052
1053
1054
1055
1056
1060
1061
1062
1063
1064
1065
1066
1100
1101
1102
1103
1104
1105
1106
1110
1111
1112
1113
1114
1115
1116
1120
1121
1122
1123
1124
1125
1126
1130
1131
1132
1133
1134
1135
1136
1140
1141
1142
1143
1144
1145
1146
1150
1151
1152
1153
1154
1155
1156
1160
1161
1162
1163
1164
1165
1166
1200
1201
1202
1203
1204
1205
1206
1210
1211
1212
1213
1214
1215
1216
1220
1221
1222
1223
1224
1225
1226
1230
1231
1232
1233
1234
1235
1236
1240
1241
1242
1243
1244
1245
1246
1250
1251
1252
1253
1254
1255
1256
1260
1261
1262
1263
1264
1265
1266
1300
1301
1302
1303
1304
1305
1306
1310
1311
1312
1313
1314
1315
1316
1320
1321
1322
1323
1324
1325
1326
1330
1331
1332
1333
1334
1335
1336
1340
1341
1342
1343
1344
1345
1346
1350
1351
1352
1353
1354
1355
1356
1360
1361
1362
1363
1364
1365
1366
1400
1401
1402
1403
1404
1405
1406
1410
1411
1412
1413
1414
1415
1416
1420
1421
1422
1423
1424
1425
1426
1430
1431
1432
1433
1434
1435
1436
1440
1441
1442
1443
1444
1445
1446
1450
1451
1452
1453
1454
1455
1456
1460
1461
1462
1463
1464
1465
1466
1500
1501
1502
1503
1504
1505
1506
1510
1511
1512
1513
1514
1515
1516
1520
1521
1522
1523
1524
1525
1526
1530
1531
1532
1533
1534
1535
1536
1540
1541
1542
1543
1544
1545
1546
1550
1551
1552
1553
1554
1555
1556
1560
1561
1562
1563
1564
1565
1566
1600
1601
1602
1603
1604
1605
1606
1610
1611
1612
1613
1614
1615
1616
1620
1621
1622
1623
1624
1625
1626
1630
1631
1632
1633
1634
1635
1636
1640
1641
1642
1643
1644
1645
1646
1650
1651
1652
1653
1654
1655
1656
1660
1661
1662
1663
1664
1665
1666
2000
2001
2002
2003
2004
2005
2006
2010
2011
2012
2013
2014
2015
2016
2020
2021
2022
2023
2024
2025
2026
2030
2031
2032
2033
2034
2035
2036
2040
2041
2042
2043
2044
2045
2046
2050
2051
2052
2053
2054
2055
2056
2060
2061
2062
2063
2064
2065
2066
2100
2101
2102
2103
2104
2105
2106
2110
2111
2112
2113
2114
2115
2116
2120
2121
2122
2123
2124
2125
2126
2130
2131
2132
2133
2134
2135
2136
2140
2141
2142
2143
2144
2145
2146
2150
2151
2152
2153
2154
2155
2156
2160
2161
2162
2163
2164
2165
2166
2200
2201
2202
2203
2204
2205
2206
2210
2211
2212
2213
2214
2215
2216
2220
2221
2222
2223
2224
2225
2226
2230
2231
2232
2233
2234
2235
2236
2240
2241
2242
2243
2244
2245
2246
2250
2251
2252
2253
2254
2255
2256
2260
2261
2262
2263
2264
2265
2266
2300
2301
2302
2303
2304
2305
2306
2310
2311
2312
2313
2314
2315
2316
2320
2321
2322
2323
2324
2325
2326
2330
2331
2332
2333
2334
2335
2336
2340
2341
2342
2343
2344
2345
2346
2350
2351
2352
2353
2354
2355
2356
2360
2361
2362
2363
2364
2365
2366
2400
2401
2402
2403
2404
2405
2406
2410
2411
2412
2413
2414
2415
2416
2420
2421
2422
2423
2424
2425
2426
2430
2431
2432
2433
2434
2435
2436
2440
2441
2442
2443
2444
2445
2446
2450
2451
2452
2453
2454
2455
2456
2460
2461
2462
2463
2464
2465
2466
2500
2501
2502
2503
2504
2505
2506
2510
2511
2512
2513
2514
2515
2516
2520
2521
2522
2523
2524
2525
2526
2530
2531
2532
2533
2534
2535
2536
2540
2541
2542
2543
2544
2545
2546
2550
2551
2552
2553
2554
2555
2556
2560
2561
2562
2563
2564
2565
2566
2600
2601
2602
2603
2604
2605
2606
2610
2611
2612
2613
2614
2615
2616
2620
2621
2622
2623
2624
2625
2626
2630
2631
2632
2633
2634
2635
2636
2640
2641
2642
2643
2644
2645
2646
2650
2651
2652
2653
2654
2655
2656
2660
2661
2662
2663
2664
2665
2666
3000
3001
3002
3003
3004
3005
3006
3010
3011
3012
3013
3014
3015
3016
3020
3021
3022
3023
3024
3025
3026
3030
3031
3032
3033
3034
3035
3036
3040
3041
3042
3043
3044
3045
3046
3050
3051
3052
3053
3054
3055
3056
3060
3061
3062
3063
3064
3065
3066
3100
3101
3102
3103
3104
3105
3106
3110
3111
3112
3113
3114
3115
3116
3120
3121
3122
3123
3124
3125
3126
3130
3131
3132
3133
3134
3135
3136
3140
3141
3142
3143
3144
3145
3146
3150
3151
3152
3153
3154
3155
3156
3160
3161
3162
3163
3164
3165
3166
3200
3201
3202
3203
3204
3205
3206
3210
3211
3212
3213
3214
3215
3216
3220
3221
3222
3223
3224
3225
3226
3230
3231
3232
3233
3234
3235
3236
3240
3241
3242
3243
3244
3245
3246
3250
3251
3252
3253
3254
3255
3256
3260
3261
3262
3263
3264
3265
3266
3300
3301
3302
3303
3304
3305
3306
3310
3311
3312
3313
3314
3315
3316
3320
3321
3322
3323
3324
3325
3326
3330
3331
3332
3333
3334
3335
3336
3340
3341
3342
3343
3344
3345
3346
3350
3351
3352
3353
3354
3355
3356
3360
3361
3362
3363
3364
3365
3366
3400
3401
3402
3403
3404
3405
3406
3410
3411
3412
3413
3414
3415
3416
3420
3421
3422
3423
3424
3425
3426
3430
3431
3432
3433
3434
3435
3436
3440
3441
3442
3443
3444
3445
3446
3450
3451
3452
3453
3454
3455
3456
3460
3461
3462
3463
3464
3465
3466
3500
3501
3502
3503
3504
3505
3506
3510
3511
3512
3513
3514
3515
3516
3520
3521
3522
3523
3524
3525
3526
3530
3531
3532
3533
3534
3535
3536
3540
3541
3542
3543
3544
3545
3546
3550
3551
3552
3553
3554
3555
3556
3560
3561
3562
3563
3564
3565
3566
3600
3601
3602
3603
3604
3605
3606
3610
3611
3612
3613
3614
3615
3616
3620
3621
3622
3623
3624
3625
3626
3630
3631
3632
3633
3634
3635
3636
3640
3641
3642
3643
3644
3645
3646
3650
3651
3652
3653
3654
3655
3656
3660
3661
3662
3663
3664
3665
3666
4000
4001
4002
4003
4004
4005
4006
4010
4011
4012
4013
4014
4015
4016
4020
4021
4022
4023
4024
4025
4026
4030
4031
4032
4033
4034
4035
4036
4040
4041
4042
4043
4044
4045
4046
4050
4051
4052
4053
4054
4055
4056
4060
4061
4062
4063
4064
4065
4066
4100
4101
4102
4103
4104
4105
4106
4110
4111
4112
4113
4114
4115
4116
4120
4121
4122
4123
4124
4125
4126
4130
4131
4132
4133
4134
4135
4136
4140
4141
4142
4143
4144
4145
4146
4150
4151
4152
4153
4154
4155
4156
4160
4161
4162
4163
4164
4165
4166
4200
4201
4202
4203
4204
4205
4206
4210
4211
4212
4213
4214
4215
4216
4220
4221
4222
4223
4224
4225
4226
4230
4231
4232
4233
4234
4235
4236
4240
4241
4242
4243
4244
4245
4246
4250
4251
4252
4253
4254
4255
4256
4260
4261
4262
4263
4264
4265
4266
4300
4301
4302
4303
4304
4305
4306
4310
4311
4312
4313
4314
4315
4316
4320
4321
4322
4323
4324
4325
4326
4330
4331
4332
4333
4334
4335
4336
4340
4341
4342
4343
4344
4345
4346
4350
4351
4352
4353
4354
4355
4356
4360
4361
4362
4363
4364
4365
4366
4400
4401
4402
4403
4404
4405
4406
4410
4411
4412
4413
4414
4415
4416
4420
4421
4422
4423
4424
4425
4426
4430
4431
4432
4433
4434
4435
4436
4440
4441
4442
4443
4444
4445
4446
4450
4451
4452
4453
4454
4455
4456
4460
4461
4462
4463
4464
4465
4466
4500
4501
4502
4503
4504
4505
4506
4510
4511
4512
4513
4514
4515
4516
4520
4521
4522
4523
4524
4525
4526
4530
4531
4532
4533
4534
4535
4536
4540
4541
4542
4543
4544
4545
4546
4550
4551
4552
4553
4554
4555
4556
4560
4561
4562
4563
4564
4565
4566
4600
4601
4602
4603
4604
4605
4606
4610
4611
4612
4613
4614
4615
4616
4620
4621
4622
4623
4624
4625
4626
4630
4631
4632
4633
4634
4635
4636
4640
4641
4642
4643
4644
4645
4646
4650
4651
4652
4653
4654
4655
4656
4660
4661
4662
4663
4664
4665
4666
5000
5001
5002
5003
5004
5005
5006
5010
5011
5012
5013
5014
5015
5016
5020
5021
5022
5023
5024
5025
5026
5030
5031
5032
5033
5034
5035
5036
5040
5041
5042
5043
5044
5045
5046
5050
5051
5052
5053
5054
5055
5056
5060
5061
5062
5063
5064
5065
5066
5100
5101
5102
5103
5104
5105
5106
5110
5111
5112
5113
5114
5115
5116
5120
5121
5122
5123
5124
5125
5126
5130
5131
5132
5133
5134
5135
5136
5140
5141
5142
5143
5144
5145
5146
5150
5151
5152
5153
5154
5155
5156
5160
5161
5162
5163
5164
5165
5166
5200
5201
5202
5203
5204
5205
5206
5210
5211
5212
5213
5214
5215
5216
5220
5221
5222
5223
5224
5225
5226
5230
5231
5232
5233
5234
5235
5236
5240
5241
5242
5243
5244
5245
5246
5250
5251
5252
5253
5254
5255
5256
5260
5261
5262
5263
5264
5265
5266
5300
5301
5302
5303
5304
5305
5306
5310
5311
5312
5313
5314
5315
5316
5320
5321
5322
5323
5324
5325
5326
5330
5331
5332
5333
5334
5335
5336
5340
5341
5342
5343
5344
5345
5346
5350
5351
5352
5353
5354
5355
5356
5360
5361
5362
5363
5364
5365
5366
5400
5401
5402
5403
5404
5405
5406
5410
5411
5412
5413
5414
5415
5416
5420
5421
5422
5423
5424
5425
5426
5430
5431
5432
5433
5434
5435
5436
5440
5441
5442
5443
5444
5445
5446
5450
5451
5452
5453
5454
5455
5456
5460
5461
5462
5463
5464
5465
5466
5500
5501
5502
5503
5504
5505
5506
5510
5511
5512
5513
5514
5515
5516
5520
5521
5522
5523
5524
5525
5526
5530
5531
5532
5533
5534
5535
5536
5540
5541
5542
5543
5544
5545
5546
5550
5551
5552
5553
5554
5555
5556
5560
5561
5562
5563
5564
5565
5566
5600
5601
5602
5603
5604
5605
5606
5610
5611
5612
5613
5614
5615
5616
5620
5621
5622
5623
5624
5625
5626
5630
5631
5632
5633
5634
5635
5636
5640
5641
5642
5643
5644
5645
5646
5650
5651
5652
5653
5654
5655
5656
5660
5661
5662
5663
5664
5665
5666
6000
6001
6002
6003
6004
6005
6006
6010
6011
6012
6013
6014
6015
6016
6020
6021
6022
6023
6024
6025
6026
6030
6031
6032
6033
6034
6035
6036
6040
6041
6042
6043
6044
6045
6046
6050
6051
6052
6053
6054
6055
6056
6060
6061
6062
6063
6064
6065
6066
6100
6101
6102
6103
6104
6105
6106
6110
6111
6112
6113
6114
6115
6116
6120
6121
6122
6123
6124
6125
6126
6130
6131
6132
6133
6134
6135
6136
6140
6141
6142
6143
6144
6145
6146
6150
6151
6152
6153
6154
6155
6156
6160
6161
6162
6163
6164
6165
6166
6200
6201
6202
6203
6204
6205
6206
6210
6211
6212
6213
6214
6215
6216
6220
6221
6222
6223
6224
6225
6226
6230
6231
6232
6233
6234
6235
6236
6240
6241
6242
6243
6244
6245
6246
6250
6251
6252
6253
6254
6255
6256
6260
6261
6262
6263
6264
6265
6266
6300
6301
6302
6303
6304
6305
6306
6310
6311
6312
6313
6314
6315
6316
6320
6321
6322
6323
6324
6325
6326
6330
6331
6332
6333
6334
6335
6336
6340
6341
6342
6343
6344
6345
6346
6350
6351
6352
6353
6354
6355
6356
6360
6361
6362
6363
6364
6365
6366
6400
6401
6402
6403
6404
6405
6406
6410
6411
6412
6413
6414
6415
6416
6420
6421
6422
6423
6424
6425
6426
6430
6431
6432
6433
6434
6435
6436
6440
6441
6442
6443
6444
6445
6446
6450
6451
6452
6453
6454
6455
6456
6460
6461
6462
6463
6464
6465
6466
6500
6501
6502
6503
6504
6505
6506
6510
6511
6512
6513
6514
6515
6516
6520
6521
6522
6523
6524
6525
6526
6530
6531
6532
6533
6534
6535
6536
6540
6541
6542
6543
6544
6545
6546
6550
6551
6552
6553
6554
6555
6556
6560
6561
6562
6563
6564
6565
6566
6600
6601
6602
6603
6604
6605
6606
6610
6611
6612
6613
6614
6615
6616
6620
6621
6622
6623
6624
6625
6626
6630
6631
6632
6633
6634
6635
6636
6640
6641
6642
6643
6644
6645
6646
6650
6651
6652
6653
6654
6655
6656
6660
6661
6662
6663
6664
6665
6666
0
1
2
0
1
2
0
1
2
